# JRE version: Java(TM) SE Runtime Environment 18.9 (11.0.8+10) (build 11.0.8+10-LTS)
# Java VM: Java HotSpot(TM) 64-Bit Server VM 18.9 (11.0.8+10-LTS, mixed mode, tiered, compressed oops, g1 gc, windows-amd64)
Heap:
 garbage-first heap   total 63488K, used 29476K [0x00000000c2000000, 0x0000000100000000)
  region size 1024K, 24 young (24576K), 3 survivors (3072K)
 Metaspace       used 20477K, capacity 21238K, committed 21296K, reserved 1071104K
  class space    used 2359K, capacity 2655K, committed 2688K, reserved 1048576K
GC Heap History (6 events):
Event: 7.754 GC heap before
{Heap before GC invocations=0 (full 0):
 garbage-first heap   total 63488K, used 14336K [0x00000000c2000000, 0x0000000100000000)
  region size 1024K, 14 young (14336K), 0 survivors (0K)
 Metaspace       used 9637K, capacity 9896K, committed 10112K, reserved 1058816K
  class space    used 977K, capacity 1066K, committed 1152K, reserved 1048576K
}
Event: 7.775 GC heap after
{Heap after GC invocations=1 (full 0):
 garbage-first heap   total 63488K, used 7547K [0x00000000c2000000, 0x0000000100000000)
  region size 1024K, 2 young (2048K), 2 survivors (2048K)
 Metaspace       used 9637K, capacity 9896K, committed 10112K, reserved 1058816K
  class space    used 977K, capacity 1066K, committed 1152K, reserved 1048576K
}
Event: 10.519 GC heap before
{Heap before GC invocations=1 (full 0):
 garbage-first heap   total 63488K, used 13691K [0x00000000c2000000, 0x0000000100000000)
  region size 1024K, 9 young (9216K), 2 survivors (2048K)
 Metaspace       used 12978K, capacity 13323K, committed 13568K, reserved 1060864K
  class space    used 1329K, capacity 1441K, committed 1536K, reserved 1048576K
}
Event: 10.527 GC heap after
{Heap after GC invocations=2 (full 0):
 garbage-first heap   total 63488K, used 9096K [0x00000000c2000000, 0x0000000100000000)
  region size 1024K, 2 young (2048K), 2 survivors (2048K)
 Metaspace       used 12978K, capacity 13323K, committed 13568K, reserved 1060864K
  class space    used 1329K, capacity 1441K, committed 1536K, reserved 1048576K
}
Event: 11.331 GC heap before
{Heap before GC invocations=2 (full 0):
 garbage-first heap   total 63488K, used 27528K [0x00000000c2000000, 0x0000000100000000)
  region size 1024K, 20 young (20480K), 2 survivors (2048K)
 Metaspace       used 16868K, capacity 17458K, committed 17664K, reserved 1064960K
  class space    used 1825K, capacity 2020K, committed 2048K, reserved 1048576K
}
Event: 11.340 GC heap after
{Heap after GC invocations=3 (full 0):
 garbage-first heap   total 63488K, used 10020K [0x00000000c2000000, 0x0000000100000000)
  region size 1024K, 3 young (3072K), 3 survivors (3072K)
 Metaspace       used 16868K, capacity 17458K, committed 17664K, reserved 1064960K
  class space    used 1825K, capacity 2020K, committed 2048K, reserved 1048576K
}

